17:41:00.961 INFO - Selenium build info: version: '3.3.1', revision: '5234b32'
17:41:00.962 INFO - Launching a standalone Selenium Server
2017-04-30 17:41:00.998:INFO::main: Logging initialized @494ms to org.seleniumhq.jetty9.util.log.StdErrLog
17:41:01.090 INFO - Driver provider org.openqa.selenium.ie.InternetExplorerDriver registration is skipped:
 registration capabilities Capabilities [{ensureCleanSession=true, browserName=internet explorer, version=, platform=WINDOWS}] does not match the current platform MAC
17:41:01.090 INFO - Driver provider org.openqa.selenium.edge.EdgeDriver registration is skipped:
 registration capabilities Capabilities [{browserName=MicrosoftEdge, version=, platform=WINDOWS}] does not match the current platform MAC
17:41:01.090 INFO - Driver class not found: com.opera.core.systems.OperaDriver
17:41:01.090 INFO - Driver provider com.opera.core.systems.OperaDriver registration is skipped:
Unable to create new instances on this machine.
17:41:01.090 INFO - Driver class not found: com.opera.core.systems.OperaDriver
17:41:01.091 INFO - Driver provider com.opera.core.systems.OperaDriver is not registered
2017-04-30 17:41:01.173:INFO:osjs.Server:main: jetty-9.2.20.v20161216
2017-04-30 17:41:01.243:INFO:osjsh.ContextHandler:main: Started o.s.j.s.ServletContextHandler@685cb137{/,null,AVAILABLE}
2017-04-30 17:41:01.293:INFO:osjs.AbstractConnector:main: Started ServerConnector@5bcab519{HTTP/1.1,[http/1.1]}{0.0.0.0:4444}
2017-04-30 17:41:01.295:INFO:osjs.Server:main: Started @790ms
17:41:01.295 INFO - Selenium Server is up and running
17:41:03.184 INFO - SessionCleaner initialized with insideBrowserTimeout 0 and clientGoneTimeout 1800000 polling every 180000
17:41:03.221 INFO - Executing: [new session: Capabilities [{acceptSslCerts=true, name=Index Spec, browserName=chrome, javascriptEnabled=true, platform=ANY}]])
17:41:03.252 INFO - Creating a new session for Capabilities [{acceptSslCerts=true, name=Index Spec, browserName=chrome, javascriptEnabled=true, platform=ANY}]
Starting ChromeDriver 2.29.461585 (0be2cd95f834e9ee7c46bcc7cf405b483f5ae83b) on port 4701
Only local connections are allowed.
17:41:04.641 INFO - Detected dialect: OSS
17:41:04.679 INFO - Done: [new session: Capabilities [{acceptSslCerts=true, name=Index Spec, browserName=chrome, javascriptEnabled=true, platform=ANY}]]
17:41:04.701 INFO - Executing: [get: http://localhost:8080/app/])
17:41:06.997 INFO - Done: [get: http://localhost:8080/app/]
17:41:07.008 INFO - Executing: [find elements: By.cssSelector: body])
17:41:07.055 INFO - Done: [find elements: By.cssSelector: body]
17:41:07.063 INFO - Executing: [is displayed: 0 [[ChromeDriver: chrome on MAC (d4591ec37f95741ca80bbf204e7087b3)] -> css selector: body]])
17:41:07.090 INFO - Done: [is displayed: 0 [[ChromeDriver: chrome on MAC (d4591ec37f95741ca80bbf204e7087b3)] -> css selector: body]]
17:41:07.100 INFO - Executing: [get title])
17:41:07.106 INFO - Done: [get title]
17:41:07.112 INFO - Executing: [delete session: e17afeb2-b4fe-4e98-bdc1-c6b450827c0d])
17:41:07.189 INFO - Done: [delete session: e17afeb2-b4fe-4e98-bdc1-c6b450827c0d]
17:41:07.870 INFO - Executing: [new session: Capabilities [{acceptSslCerts=true, name=Create Document Spec, browserName=chrome, javascriptEnabled=true, platform=ANY}]])
17:41:07.871 INFO - Creating a new session for Capabilities [{acceptSslCerts=true, name=Create Document Spec, browserName=chrome, javascriptEnabled=true, platform=ANY}]
Starting ChromeDriver 2.29.461585 (0be2cd95f834e9ee7c46bcc7cf405b483f5ae83b) on port 46948
Only local connections are allowed.
17:41:08.646 INFO - Detected dialect: OSS
17:41:08.650 INFO - Done: [new session: Capabilities [{acceptSslCerts=true, name=Create Document Spec, browserName=chrome, javascriptEnabled=true, platform=ANY}]]
17:41:08.656 INFO - Executing: [get: http://localhost:8080/app/])
17:41:10.699 INFO - Done: [get: http://localhost:8080/app/]
17:41:10.708 INFO - Executing: [find element: By.cssSelector: #login])
17:41:10.736 INFO - Done: [find element: By.cssSelector: #login]
17:41:10.740 INFO - Executing: [click: 0 [[ChromeDriver: chrome on MAC (012f89b6bc4382e10fc55e85e93ade15)] -> css selector: #login]])
17:41:11.146 INFO - Done: [click: 0 [[ChromeDriver: chrome on MAC (012f89b6bc4382e10fc55e85e93ade15)] -> css selector: #login]]
17:41:11.156 INFO - Executing: [find element: By.cssSelector: Input[name=email]])
17:41:11.190 INFO - Done: [find element: By.cssSelector: Input[name=email]]
17:41:11.197 INFO - Executing: [send keys: 1 [[ChromeDriver: chrome on MAC (012f89b6bc4382e10fc55e85e93ade15)] -> css selector: Input[name=email]], [c, h, i, n, e, d, u, ., o, f, o, r, @, a, n, d, e, l, a, ., c, o, m]])
17:41:11.500 INFO - Done: [send keys: 1 [[ChromeDriver: chrome on MAC (012f89b6bc4382e10fc55e85e93ade15)] -> css selector: Input[name=email]], [c, h, i, n, e, d, u, ., o, f, o, r, @, a, n, d, e, l, a, ., c, o, m]]
17:41:11.505 INFO - Executing: [find element: By.cssSelector: Input[name=password]])
17:41:11.527 INFO - Done: [find element: By.cssSelector: Input[name=password]]
17:41:11.532 INFO - Executing: [send keys: 2 [[ChromeDriver: chrome on MAC (012f89b6bc4382e10fc55e85e93ade15)] -> css selector: Input[name=password]], [n, e, t, b, e, a, n, s]])
17:41:11.649 INFO - Done: [send keys: 2 [[ChromeDriver: chrome on MAC (012f89b6bc4382e10fc55e85e93ade15)] -> css selector: Input[name=password]], [n, e, t, b, e, a, n, s]]
17:41:11.653 INFO - Executing: [find element: By.cssSelector: button])
17:41:11.674 INFO - Done: [find element: By.cssSelector: button]
17:41:11.679 INFO - Executing: [click: 3 [[ChromeDriver: chrome on MAC (012f89b6bc4382e10fc55e85e93ade15)] -> css selector: button]])
17:41:11.747 INFO - Done: [click: 3 [[ChromeDriver: chrome on MAC (012f89b6bc4382e10fc55e85e93ade15)] -> css selector: button]]
17:41:16.760 INFO - Executing: [get current url])
17:41:16.767 INFO - Done: [get current url]
17:41:16.771 INFO - Executing: [find elements: By.cssSelector: body])
17:41:16.791 INFO - Done: [find elements: By.cssSelector: body]
17:41:16.795 INFO - Executing: [is displayed: 4 [[ChromeDriver: chrome on MAC (012f89b6bc4382e10fc55e85e93ade15)] -> css selector: body]])
17:41:16.813 INFO - Done: [is displayed: 4 [[ChromeDriver: chrome on MAC (012f89b6bc4382e10fc55e85e93ade15)] -> css selector: body]]
17:41:16.820 INFO - Executing: [find elements: By.cssSelector: #hero-btn])
17:41:16.840 INFO - Done: [find elements: By.cssSelector: #hero-btn]
17:41:16.844 INFO - Executing: [find element: By.cssSelector: .add])
17:41:16.870 INFO - Done: [find element: By.cssSelector: .add]
17:41:16.876 INFO - Executing: [click: 5 [[ChromeDriver: chrome on MAC (012f89b6bc4382e10fc55e85e93ade15)] -> css selector: #hero-btn]])
17:41:16.963 INFO - Done: [click: 5 [[ChromeDriver: chrome on MAC (012f89b6bc4382e10fc55e85e93ade15)] -> css selector: #hero-btn]]
17:41:21.971 INFO - Executing: [get current url])
17:41:21.977 INFO - Done: [get current url]
17:41:21.981 INFO - Executing: [find elements: By.cssSelector: body])
17:41:21.990 INFO - Done: [find elements: By.cssSelector: body]
17:41:21.994 INFO - Executing: [is displayed: 4 [[ChromeDriver: chrome on MAC (012f89b6bc4382e10fc55e85e93ade15)] -> css selector: body]])
17:41:22.002 INFO - Done: [is displayed: 4 [[ChromeDriver: chrome on MAC (012f89b6bc4382e10fc55e85e93ade15)] -> css selector: body]]
17:41:22.012 INFO - Executing: [find element: By.cssSelector: Input[name="title"]])
17:41:22.033 INFO - Done: [find element: By.cssSelector: Input[name="title"]]
17:41:22.038 INFO - Executing: [send keys: 6 [[ChromeDriver: chrome on MAC (012f89b6bc4382e10fc55e85e93ade15)] -> css selector: Input[name="title"]], [i, p, s, a, m]])
17:41:22.190 INFO - Done: [send keys: 6 [[ChromeDriver: chrome on MAC (012f89b6bc4382e10fc55e85e93ade15)] -> css selector: Input[name="title"]], [i, p, s, a, m]]
17:41:22.194 INFO - Executing: [find element: By.cssSelector: textarea[name="content"]])
17:41:22.214 INFO - Done: [find element: By.cssSelector: textarea[name="content"]]
17:41:22.221 INFO - Executing: [send keys: 7 [[ChromeDriver: chrome on MAC (012f89b6bc4382e10fc55e85e93ade15)] -> css selector: textarea[name="content"]], [d, o, l, o, r, i, b, u, s,  , q, u, i,  , i, n]])
17:41:22.696 INFO - Done: [send keys: 7 [[ChromeDriver: chrome on MAC (012f89b6bc4382e10fc55e85e93ade15)] -> css selector: textarea[name="content"]], [d, o, l, o, r, i, b, u, s,  , q, u, i,  , i, n]]
17:41:22.700 INFO - Executing: [find element: By.cssSelector: #access option[value="private"]])
17:41:22.723 INFO - Done: [find element: By.cssSelector: #access option[value="private"]]
17:41:22.727 INFO - Executing: [click: 8 [[ChromeDriver: chrome on MAC (012f89b6bc4382e10fc55e85e93ade15)] -> css selector: #access option[value="private"]]])
17:41:23.773 WARN - Exception thrown
org.openqa.selenium.ElementNotVisibleException: element not visible: Element is not currently visible and may not be manipulated
  (Session info: chrome=57.0.2987.133)
  (Driver info: chromedriver=2.29.461585 (0be2cd95f834e9ee7c46bcc7cf405b483f5ae83b),platform=Mac OS X 10.12.3 x86_64) (WARNING: The server did not provide any stacktrace information)
Command duration or timeout: 32 milliseconds
Build info: version: '3.3.1', revision: '5234b32', time: '2017-03-10 09:04:52 -0800'
System info: host: 'Chinedu-Ofor.local', ip: 'fe80:0:0:0:d8:7787:7a:75fd%en0', os.name: 'Mac OS X', os.arch: 'x86_64', os.version: '10.12.3', java.version: '1.8.0_121'
Driver info: org.openqa.selenium.chrome.ChromeDriver
Capabilities [{applicationCacheEnabled=false, rotatable=false, mobileEmulationEnabled=false, networkConnectionEnabled=false, chrome={chromedriverVersion=2.29.461585 (0be2cd95f834e9ee7c46bcc7cf405b483f5ae83b), userDataDir=/var/folders/w7/0gc830zj33n5s68sm_lwc_yw0000gp/T/.org.chromium.Chromium.N40PZA}, takesHeapSnapshot=true, pageLoadStrategy=normal, databaseEnabled=false, handlesAlerts=true, hasTouchScreen=false, version=57.0.2987.133, platform=MAC, browserConnectionEnabled=false, nativeEvents=true, acceptSslCerts=true, locationContextEnabled=true, webStorageEnabled=true, browserName=chrome, takesScreenshot=true, javascriptEnabled=true, cssSelectorsEnabled=true, unexpectedAlertBehaviour=}]
Session ID: 012f89b6bc4382e10fc55e85e93ade15
	at sun.reflect.NativeConstructorAccessorImpl.newInstance0(Native Method)
	at sun.reflect.NativeConstructorAccessorImpl.newInstance(NativeConstructorAccessorImpl.java:62)
	at sun.reflect.DelegatingConstructorAccessorImpl.newInstance(DelegatingConstructorAccessorImpl.java:45)
	at java.lang.reflect.Constructor.newInstance(Constructor.java:423)
	at org.openqa.selenium.remote.ErrorHandler.createThrowable(ErrorHandler.java:216)
	at org.openqa.selenium.remote.ErrorHandler.throwIfResponseFailed(ErrorHandler.java:168)
	at org.openqa.selenium.remote.RemoteWebDriver.execute(RemoteWebDriver.java:638)
	at org.openqa.selenium.remote.RemoteWebElement.execute(RemoteWebElement.java:274)
	at org.openqa.selenium.remote.RemoteWebElement.click(RemoteWebElement.java:84)
	at sun.reflect.NativeMethodAccessorImpl.invoke0(Native Method)
	at sun.reflect.NativeMethodAccessorImpl.invoke(NativeMethodAccessorImpl.java:62)
	at sun.reflect.DelegatingMethodAccessorImpl.invoke(DelegatingMethodAccessorImpl.java:43)
	at java.lang.reflect.Method.invoke(Method.java:498)
	at org.openqa.selenium.support.events.EventFiringWebDriver$EventFiringWebElement$1.invoke(EventFiringWebDriver.java:332)
	at com.sun.proxy.$Proxy5.click(Unknown Source)
	at org.openqa.selenium.support.events.EventFiringWebDriver$EventFiringWebElement.click(EventFiringWebDriver.java:345)
	at sun.reflect.NativeMethodAccessorImpl.invoke0(Native Method)
	at sun.reflect.NativeMethodAccessorImpl.invoke(NativeMethodAccessorImpl.java:62)
	at sun.reflect.DelegatingMethodAccessorImpl.invoke(DelegatingMethodAccessorImpl.java:43)
	at java.lang.reflect.Method.invoke(Method.java:498)
	at org.openqa.selenium.remote.server.KnownElements$1.invoke(KnownElements.java:64)
	at com.sun.proxy.$Proxy6.click(Unknown Source)
	at org.openqa.selenium.remote.server.handler.ClickElement.call(ClickElement.java:30)
	at org.openqa.selenium.remote.server.handler.ClickElement.call(ClickElement.java:22)
	at java.util.concurrent.FutureTask.run(FutureTask.java:266)
	at org.openqa.selenium.remote.server.DefaultSession$1.run(DefaultSession.java:176)
	at java.util.concurrent.ThreadPoolExecutor.runWorker(ThreadPoolExecutor.java:1142)
	at java.util.concurrent.ThreadPoolExecutor$Worker.run(ThreadPoolExecutor.java:617)
	at java.lang.Thread.run(Thread.java:745)
17:41:23.775 WARN - Exception: element not visible: Element is not currently visible and may not be manipulated
  (Session info: chrome=57.0.2987.133)
  (Driver info: chromedriver=2.29.461585 (0be2cd95f834e9ee7c46bcc7cf405b483f5ae83b),platform=Mac OS X 10.12.3 x86_64) (WARNING: The server did not provide any stacktrace information)
Command duration or timeout: 32 milliseconds
Build info: version: '3.3.1', revision: '5234b32', time: '2017-03-10 09:04:52 -0800'
System info: host: 'Chinedu-Ofor.local', ip: 'fe80:0:0:0:d8:7787:7a:75fd%en0', os.name: 'Mac OS X', os.arch: 'x86_64', os.version: '10.12.3', java.version: '1.8.0_121'
Driver info: org.openqa.selenium.chrome.ChromeDriver
Capabilities [{applicationCacheEnabled=false, rotatable=false, mobileEmulationEnabled=false, networkConnectionEnabled=false, chrome={chromedriverVersion=2.29.461585 (0be2cd95f834e9ee7c46bcc7cf405b483f5ae83b), userDataDir=/var/folders/w7/0gc830zj33n5s68sm_lwc_yw0000gp/T/.org.chromium.Chromium.N40PZA}, takesHeapSnapshot=true, pageLoadStrategy=normal, databaseEnabled=false, handlesAlerts=true, hasTouchScreen=false, version=57.0.2987.133, platform=MAC, browserConnectionEnabled=false, nativeEvents=true, acceptSslCerts=true, locationContextEnabled=true, webStorageEnabled=true, browserName=chrome, takesScreenshot=true, javascriptEnabled=true, cssSelectorsEnabled=true, unexpectedAlertBehaviour=}]
Session ID: 012f89b6bc4382e10fc55e85e93ade15
17:41:23.843 INFO - Executing: [find elements: By.cssSelector: Button])
17:41:23.862 INFO - Done: [find elements: By.cssSelector: Button]
17:41:23.867 INFO - Executing: [find element: By.cssSelector: Button])
17:41:23.887 INFO - Done: [find element: By.cssSelector: Button]
17:41:23.890 INFO - Executing: [click: 9 [[ChromeDriver: chrome on MAC (012f89b6bc4382e10fc55e85e93ade15)] -> css selector: Button]])
17:41:23.949 INFO - Done: [click: 9 [[ChromeDriver: chrome on MAC (012f89b6bc4382e10fc55e85e93ade15)] -> css selector: Button]]
17:41:23.955 INFO - Executing: [delete session: a83d430e-b1b3-4adf-8c0b-29fa4765824a])
17:41:24.029 INFO - Done: [delete session: a83d430e-b1b3-4adf-8c0b-29fa4765824a]
17:41:24.080 INFO - Executing: [new session: Capabilities [{acceptSslCerts=true, name=Login Spec, browserName=chrome, javascriptEnabled=true, platform=ANY}]])
17:41:24.081 INFO - Creating a new session for Capabilities [{acceptSslCerts=true, name=Login Spec, browserName=chrome, javascriptEnabled=true, platform=ANY}]
Starting ChromeDriver 2.29.461585 (0be2cd95f834e9ee7c46bcc7cf405b483f5ae83b) on port 2021
Only local connections are allowed.
17:41:24.869 INFO - Detected dialect: OSS
17:41:24.874 INFO - Done: [new session: Capabilities [{acceptSslCerts=true, name=Login Spec, browserName=chrome, javascriptEnabled=true, platform=ANY}]]
17:41:24.880 INFO - Executing: [get: http://localhost:8080/app/])
17:41:27.163 INFO - Done: [get: http://localhost:8080/app/]
17:41:27.170 INFO - Executing: [find elements: By.cssSelector: body])
17:41:27.194 INFO - Done: [find elements: By.cssSelector: body]
17:41:27.198 INFO - Executing: [is displayed: 0 [[ChromeDriver: chrome on MAC (d13de4c5486f766072261bb3b0d41c5a)] -> css selector: body]])
17:41:27.216 INFO - Done: [is displayed: 0 [[ChromeDriver: chrome on MAC (d13de4c5486f766072261bb3b0d41c5a)] -> css selector: body]]
17:41:27.219 INFO - Executing: [find element: By.cssSelector: #login])
17:41:27.239 INFO - Done: [find element: By.cssSelector: #login]
17:41:27.242 INFO - Executing: [click: 1 [[ChromeDriver: chrome on MAC (d13de4c5486f766072261bb3b0d41c5a)] -> css selector: #login]])
17:41:27.635 INFO - Done: [click: 1 [[ChromeDriver: chrome on MAC (d13de4c5486f766072261bb3b0d41c5a)] -> css selector: #login]]
17:41:27.641 INFO - Executing: [find element: By.cssSelector: Input[name=email]])
17:41:27.677 INFO - Done: [find element: By.cssSelector: Input[name=email]]
17:41:27.682 INFO - Executing: [send keys: 2 [[ChromeDriver: chrome on MAC (d13de4c5486f766072261bb3b0d41c5a)] -> css selector: Input[name=email]], [c, h, i, n, e, d, u, ., o, f, o, r, @, a, n, d, e, l, a, ., c, o, m]])
17:41:27.982 INFO - Done: [send keys: 2 [[ChromeDriver: chrome on MAC (d13de4c5486f766072261bb3b0d41c5a)] -> css selector: Input[name=email]], [c, h, i, n, e, d, u, ., o, f, o, r, @, a, n, d, e, l, a, ., c, o, m]]
17:41:27.987 INFO - Executing: [find element: By.cssSelector: Input[name=password]])
17:41:28.009 INFO - Done: [find element: By.cssSelector: Input[name=password]]
17:41:28.016 INFO - Executing: [send keys: 3 [[ChromeDriver: chrome on MAC (d13de4c5486f766072261bb3b0d41c5a)] -> css selector: Input[name=password]], [n, e, t, b, e, a, n, s]])
17:41:28.126 INFO - Done: [send keys: 3 [[ChromeDriver: chrome on MAC (d13de4c5486f766072261bb3b0d41c5a)] -> css selector: Input[name=password]], [n, e, t, b, e, a, n, s]]
17:41:28.131 INFO - Executing: [find element: By.cssSelector: button])
17:41:28.152 INFO - Done: [find element: By.cssSelector: button]
17:41:28.156 INFO - Executing: [click: 4 [[ChromeDriver: chrome on MAC (d13de4c5486f766072261bb3b0d41c5a)] -> css selector: button]])
17:41:28.220 INFO - Done: [click: 4 [[ChromeDriver: chrome on MAC (d13de4c5486f766072261bb3b0d41c5a)] -> css selector: button]]
17:41:29.227 INFO - Executing: [get current url])
17:41:29.234 INFO - Done: [get current url]
17:41:29.238 INFO - Executing: [delete session: 497ed613-a142-46e9-bf69-42cea4702f41])
17:41:29.312 INFO - Done: [delete session: 497ed613-a142-46e9-bf69-42cea4702f41]
17:41:29.319 INFO - Executing: [new session: Capabilities [{acceptSslCerts=true, name=Login Spec, browserName=chrome, javascriptEnabled=true, platform=ANY}]])
17:41:29.320 INFO - Creating a new session for Capabilities [{acceptSslCerts=true, name=Login Spec, browserName=chrome, javascriptEnabled=true, platform=ANY}]
Starting ChromeDriver 2.29.461585 (0be2cd95f834e9ee7c46bcc7cf405b483f5ae83b) on port 13618
Only local connections are allowed.
17:41:30.149 INFO - Detected dialect: OSS
17:41:30.151 INFO - Done: [new session: Capabilities [{acceptSslCerts=true, name=Login Spec, browserName=chrome, javascriptEnabled=true, platform=ANY}]]
17:41:30.161 INFO - Executing: [get: http://localhost:8080/app/])
17:41:32.793 INFO - Done: [get: http://localhost:8080/app/]
17:41:32.799 INFO - Executing: [find elements: By.cssSelector: body])
17:41:32.828 INFO - Done: [find elements: By.cssSelector: body]
17:41:32.832 INFO - Executing: [is displayed: 0 [[ChromeDriver: chrome on MAC (a8111d5ce0a727ffcc2559085bafdd6c)] -> css selector: body]])
17:41:32.848 INFO - Done: [is displayed: 0 [[ChromeDriver: chrome on MAC (a8111d5ce0a727ffcc2559085bafdd6c)] -> css selector: body]]
17:41:32.852 INFO - Executing: [find element: By.cssSelector: #login])
17:41:32.872 INFO - Done: [find element: By.cssSelector: #login]
17:41:32.875 INFO - Executing: [click: 1 [[ChromeDriver: chrome on MAC (a8111d5ce0a727ffcc2559085bafdd6c)] -> css selector: #login]])
17:41:33.275 INFO - Done: [click: 1 [[ChromeDriver: chrome on MAC (a8111d5ce0a727ffcc2559085bafdd6c)] -> css selector: #login]]
17:41:33.281 INFO - Executing: [find element: By.cssSelector: Input[name=email]])
17:41:33.315 INFO - Done: [find element: By.cssSelector: Input[name=email]]
17:41:33.321 INFO - Executing: [send keys: 2 [[ChromeDriver: chrome on MAC (a8111d5ce0a727ffcc2559085bafdd6c)] -> css selector: Input[name=email]], [m, a, r, y, @, g, m, a, i, l, ., c, o, m]])
17:41:33.554 INFO - Done: [send keys: 2 [[ChromeDriver: chrome on MAC (a8111d5ce0a727ffcc2559085bafdd6c)] -> css selector: Input[name=email]], [m, a, r, y, @, g, m, a, i, l, ., c, o, m]]
17:41:33.560 INFO - Executing: [find element: By.cssSelector: Input[name=password]])
17:41:33.581 INFO - Done: [find element: By.cssSelector: Input[name=password]]
17:41:33.586 INFO - Executing: [send keys: 3 [[ChromeDriver: chrome on MAC (a8111d5ce0a727ffcc2559085bafdd6c)] -> css selector: Input[name=password]], [n, e, t, b, e, a, n, s]])
17:41:33.696 INFO - Done: [send keys: 3 [[ChromeDriver: chrome on MAC (a8111d5ce0a727ffcc2559085bafdd6c)] -> css selector: Input[name=password]], [n, e, t, b, e, a, n, s]]
17:41:33.701 INFO - Executing: [find element: By.cssSelector: button])
17:41:33.731 INFO - Done: [find element: By.cssSelector: button]
17:41:33.735 INFO - Executing: [click: 4 [[ChromeDriver: chrome on MAC (a8111d5ce0a727ffcc2559085bafdd6c)] -> css selector: button]])
17:41:33.809 INFO - Done: [click: 4 [[ChromeDriver: chrome on MAC (a8111d5ce0a727ffcc2559085bafdd6c)] -> css selector: button]]
17:41:34.819 INFO - Executing: [get current url])
17:41:34.825 INFO - Done: [get current url]
17:41:34.829 INFO - Executing: [delete session: c6761a70-9ece-404a-be72-5a05a6e51ab8])
17:41:34.909 INFO - Done: [delete session: c6761a70-9ece-404a-be72-5a05a6e51ab8]
17:41:34.961 INFO - Executing: [new session: Capabilities [{acceptSslCerts=true, name=Signup Spec, browserName=chrome, javascriptEnabled=true, platform=ANY}]])
17:41:34.962 INFO - Creating a new session for Capabilities [{acceptSslCerts=true, name=Signup Spec, browserName=chrome, javascriptEnabled=true, platform=ANY}]
Starting ChromeDriver 2.29.461585 (0be2cd95f834e9ee7c46bcc7cf405b483f5ae83b) on port 18627
Only local connections are allowed.
17:41:35.769 INFO - Detected dialect: OSS
17:41:35.772 INFO - Done: [new session: Capabilities [{acceptSslCerts=true, name=Signup Spec, browserName=chrome, javascriptEnabled=true, platform=ANY}]]
17:41:35.777 INFO - Executing: [get: http://localhost:8080/app/])
17:41:37.774 INFO - Done: [get: http://localhost:8080/app/]
17:41:37.780 INFO - Executing: [find element: By.cssSelector: .brand-logo])
17:41:37.803 INFO - Done: [find element: By.cssSelector: .brand-logo]
17:41:37.807 INFO - Executing: [get text: 0 [[ChromeDriver: chrome on MAC (e82aa3993d50361df0e2f595f3cc998f)] -> css selector: .brand-logo]])
17:41:37.830 INFO - Done: [get text: 0 [[ChromeDriver: chrome on MAC (e82aa3993d50361df0e2f595f3cc998f)] -> css selector: .brand-logo]]
17:41:37.834 INFO - Executing: [find element: By.cssSelector: #signup])
17:41:37.852 INFO - Done: [find element: By.cssSelector: #signup]
17:41:37.856 INFO - Executing: [find element: By.cssSelector: #signup])
17:41:37.864 INFO - Done: [find element: By.cssSelector: #signup]
17:41:37.869 INFO - Executing: [click: 1 [[ChromeDriver: chrome on MAC (e82aa3993d50361df0e2f595f3cc998f)] -> css selector: #signup]])
17:41:38.279 INFO - Done: [click: 1 [[ChromeDriver: chrome on MAC (e82aa3993d50361df0e2f595f3cc998f)] -> css selector: #signup]]
17:41:38.286 INFO - Executing: [find element: By.cssSelector: #signup])
17:41:38.382 INFO - Done: [find element: By.cssSelector: #signup]
17:41:38.388 INFO - Executing: [mousemove: 2 true])
17:41:38.413 INFO - Done: [mousemove: 2 true]
17:41:38.417 INFO - Executing: [click: nothing])
17:41:38.587 INFO - Done: [click: nothing]
17:41:48.600 INFO - Executing: [find element: By.cssSelector: Input[name=username]])
17:41:48.620 INFO - Done: [find element: By.cssSelector: Input[name=username]]
17:41:48.624 INFO - Executing: [send keys: 3 [[ChromeDriver: chrome on MAC (e82aa3993d50361df0e2f595f3cc998f)] -> css selector: Input[name=username]], [L, u, c, i, o, u, s, _, C, a, r, t, w, r, i, g, h, t, 6, 5]])
17:41:48.957 INFO - Done: [send keys: 3 [[ChromeDriver: chrome on MAC (e82aa3993d50361df0e2f595f3cc998f)] -> css selector: Input[name=username]], [L, u, c, i, o, u, s, _, C, a, r, t, w, r, i, g, h, t, 6, 5]]
17:41:48.961 INFO - Executing: [find element: By.cssSelector: Input[name=firstName]])
17:41:48.981 INFO - Done: [find element: By.cssSelector: Input[name=firstName]]
17:41:48.986 INFO - Executing: [send keys: 4 [[ChromeDriver: chrome on MAC (e82aa3993d50361df0e2f595f3cc998f)] -> css selector: Input[name=firstName]], [L, o, i, s]])
17:41:49.068 INFO - Done: [send keys: 4 [[ChromeDriver: chrome on MAC (e82aa3993d50361df0e2f595f3cc998f)] -> css selector: Input[name=firstName]], [L, o, i, s]]
17:41:49.076 INFO - Executing: [find element: By.cssSelector: Input[name=lastName]])
17:41:49.096 INFO - Done: [find element: By.cssSelector: Input[name=lastName]]
17:41:49.101 INFO - Executing: [send keys: 5 [[ChromeDriver: chrome on MAC (e82aa3993d50361df0e2f595f3cc998f)] -> css selector: Input[name=lastName]], [G, e, r, l, a, c, h]])
17:41:49.204 INFO - Done: [send keys: 5 [[ChromeDriver: chrome on MAC (e82aa3993d50361df0e2f595f3cc998f)] -> css selector: Input[name=lastName]], [G, e, r, l, a, c, h]]
17:41:49.209 INFO - Executing: [find element: By.cssSelector: Input[type="email"]])
17:41:49.230 INFO - Done: [find element: By.cssSelector: Input[type="email"]]
17:41:49.234 INFO - Executing: [send keys: 6 [[ChromeDriver: chrome on MAC (e82aa3993d50361df0e2f595f3cc998f)] -> css selector: Input[type="email"]], [H, a, y, d, e, n, ., S, k, i, l, e, s, 7, 3, @, y, a, h, o, o, ., c, o, m]])
17:41:49.495 INFO - Done: [send keys: 6 [[ChromeDriver: chrome on MAC (e82aa3993d50361df0e2f595f3cc998f)] -> css selector: Input[type="email"]], [H, a, y, d, e, n, ., S, k, i, l, e, s, 7, 3, @, y, a, h, o, o, ., c, o, m]]
17:41:49.499 INFO - Executing: [find element: By.cssSelector: Input[type="password"]])
17:41:49.525 INFO - Done: [find element: By.cssSelector: Input[type="password"]]
17:41:49.530 INFO - Executing: [send keys: 7 [[ChromeDriver: chrome on MAC (e82aa3993d50361df0e2f595f3cc998f)] -> css selector: Input[type="password"]], [m, y, p, a, s, s, w, o, r, d]])
17:41:49.661 INFO - Done: [send keys: 7 [[ChromeDriver: chrome on MAC (e82aa3993d50361df0e2f595f3cc998f)] -> css selector: Input[type="password"]], [m, y, p, a, s, s, w, o, r, d]]
17:41:49.665 INFO - Executing: [find element: By.cssSelector: button])
17:41:49.688 INFO - Done: [find element: By.cssSelector: button]
17:41:49.694 INFO - Executing: [click: 8 [[ChromeDriver: chrome on MAC (e82aa3993d50361df0e2f595f3cc998f)] -> css selector: button]])
17:41:49.759 INFO - Done: [click: 8 [[ChromeDriver: chrome on MAC (e82aa3993d50361df0e2f595f3cc998f)] -> css selector: button]]
17:41:59.836 INFO - Executing: [get current url])
17:41:59.848 INFO - Done: [get current url]
17:41:59.853 INFO - Executing: [delete session: 0d15d3a6-dd39-4db0-aae4-d8926427a028])
17:41:59.927 INFO - Done: [delete session: 0d15d3a6-dd39-4db0-aae4-d8926427a028]
